2015-11-25 12:23:11.959 [main] DEBUG org.apache.mina.transport.nio.NioSelectorLoop - open a selector
2015-11-25 12:23:11.985 [main] DEBUG org.apache.mina.transport.nio.NioSelectorLoop - starting worker thread
2015-11-25 12:23:11.986 [SelectorWorker accept-0] DEBUG org.apache.mina.transport.nio.NioSelectorLoop - selecting...
2015-11-25 12:23:11.988 [main] DEBUG org.apache.mina.transport.nio.NioSelectorLoop - open a selector
2015-11-25 12:23:11.988 [main] DEBUG org.apache.mina.transport.nio.NioSelectorLoop - starting worker thread
2015-11-25 12:23:11.988 [main] DEBUG org.apache.mina.transport.nio.NioSelectorLoop - open a selector
2015-11-25 12:23:11.988 [SelectorWorker Server-I/O-0] DEBUG org.apache.mina.transport.nio.NioSelectorLoop - selecting...
2015-11-25 12:23:11.988 [main] DEBUG org.apache.mina.transport.nio.NioSelectorLoop - starting worker thread
2015-11-25 12:23:11.989 [SelectorWorker Server-I/O-1] DEBUG org.apache.mina.transport.nio.NioSelectorLoop - selecting...
2015-11-25 12:23:11.990 [main] DEBUG org.apache.mina.transport.nio.NioSelectorLoop - open a selector
2015-11-25 12:23:11.991 [main] DEBUG org.apache.mina.transport.nio.NioSelectorLoop - starting worker thread
2015-11-25 12:23:11.992 [SelectorWorker Server-I/O-2] DEBUG org.apache.mina.transport.nio.NioSelectorLoop - selecting...
2015-11-25 12:23:11.993 [main] DEBUG org.apache.mina.transport.nio.NioSelectorLoop - open a selector
2015-11-25 12:23:11.994 [main] DEBUG org.apache.mina.transport.nio.NioSelectorLoop - starting worker thread
2015-11-25 12:23:11.995 [SelectorWorker Server-I/O-3] DEBUG org.apache.mina.transport.nio.NioSelectorLoop - selecting...
2015-11-25 12:23:11.995 [main] DEBUG org.apache.mina.transport.nio.NioSelectorLoop - open a selector
2015-11-25 12:23:11.996 [main] DEBUG org.apache.mina.transport.nio.NioSelectorLoop - starting worker thread
2015-11-25 12:23:11.996 [SelectorWorker Server-I/O-4] DEBUG org.apache.mina.transport.nio.NioSelectorLoop - selecting...
2015-11-25 12:23:12.025 [main] INFO  org.apache.mina.transport.nio.NioTcpServer - binding address 0.0.0.0/0.0.0.0:20102
2015-11-25 12:23:12.049 [main] DEBUG org.apache.mina.transport.nio.NioSelectorLoop - registering : org.apache.mina.transport.nio.NioTcpServer@5faeada1 for accept : true, connect: false, read : false, write : false, channel : sun.nio.ch.ServerSocketChannelImpl[/0:0:0:0:0:0:0:0:20102]
2015-11-25 12:23:12.052 [SelectorWorker accept-0] DEBUG org.apache.mina.transport.nio.NioSelectorLoop - ... done selecting : 0 events
2015-11-25 12:23:12.053 [SelectorWorker accept-0] DEBUG org.apache.mina.transport.nio.NioSelectorLoop - selecting...
2015-11-25 12:23:20.734 [main] DEBUG org.apache.mina.transport.nio.NioSelectorLoop - open a selector
2015-11-25 12:23:20.742 [main] DEBUG org.apache.mina.transport.nio.NioSelectorLoop - starting worker thread
2015-11-25 12:23:20.743 [SelectorWorker accept-0] DEBUG org.apache.mina.transport.nio.NioSelectorLoop - selecting...
2015-11-25 12:23:20.743 [main] DEBUG org.apache.mina.transport.nio.NioSelectorLoop - open a selector
2015-11-25 12:23:20.744 [main] DEBUG org.apache.mina.transport.nio.NioSelectorLoop - starting worker thread
2015-11-25 12:23:20.744 [SelectorWorker Server-I/O-0] DEBUG org.apache.mina.transport.nio.NioSelectorLoop - selecting...
2015-11-25 12:23:20.745 [main] DEBUG org.apache.mina.transport.nio.NioSelectorLoop - open a selector
2015-11-25 12:23:20.745 [main] DEBUG org.apache.mina.transport.nio.NioSelectorLoop - starting worker thread
2015-11-25 12:23:20.745 [main] DEBUG org.apache.mina.transport.nio.NioSelectorLoop - open a selector
2015-11-25 12:23:20.746 [SelectorWorker Server-I/O-1] DEBUG org.apache.mina.transport.nio.NioSelectorLoop - selecting...
2015-11-25 12:23:20.746 [main] DEBUG org.apache.mina.transport.nio.NioSelectorLoop - starting worker thread
2015-11-25 12:23:20.746 [SelectorWorker Server-I/O-2] DEBUG org.apache.mina.transport.nio.NioSelectorLoop - selecting...
2015-11-25 12:23:20.749 [main] DEBUG org.apache.mina.transport.nio.NioSelectorLoop - open a selector
2015-11-25 12:23:20.750 [main] DEBUG org.apache.mina.transport.nio.NioSelectorLoop - starting worker thread
2015-11-25 12:23:20.750 [SelectorWorker Server-I/O-3] DEBUG org.apache.mina.transport.nio.NioSelectorLoop - selecting...
2015-11-25 12:23:20.750 [main] DEBUG org.apache.mina.transport.nio.NioSelectorLoop - open a selector
2015-11-25 12:23:20.751 [main] DEBUG org.apache.mina.transport.nio.NioSelectorLoop - starting worker thread
2015-11-25 12:23:20.752 [SelectorWorker Server-I/O-4] DEBUG org.apache.mina.transport.nio.NioSelectorLoop - selecting...
2015-11-25 12:23:20.773 [main] INFO  org.apache.mina.transport.nio.NioTcpServer - binding address 0.0.0.0/0.0.0.0:20102
2015-11-25 12:23:20.802 [main] DEBUG org.apache.mina.transport.nio.NioSelectorLoop - registering : org.apache.mina.transport.nio.NioTcpServer@33f88ab for accept : true, connect: false, read : false, write : false, channel : sun.nio.ch.ServerSocketChannelImpl[/0:0:0:0:0:0:0:0:20102]
2015-11-25 12:23:20.805 [SelectorWorker accept-0] DEBUG org.apache.mina.transport.nio.NioSelectorLoop - ... done selecting : 0 events
2015-11-25 12:23:20.806 [SelectorWorker accept-0] DEBUG org.apache.mina.transport.nio.NioSelectorLoop - selecting...
2015-11-25 12:28:59.745 [main] DEBUG org.apache.mina.transport.nio.NioSelectorLoop - open a selector
2015-11-25 12:28:59.765 [main] DEBUG org.apache.mina.transport.nio.NioSelectorLoop - starting worker thread
2015-11-25 12:28:59.766 [SelectorWorker accept-0] DEBUG org.apache.mina.transport.nio.NioSelectorLoop - selecting...
2015-11-25 12:28:59.772 [main] DEBUG org.apache.mina.transport.nio.NioSelectorLoop - open a selector
2015-11-25 12:28:59.773 [main] DEBUG org.apache.mina.transport.nio.NioSelectorLoop - starting worker thread
2015-11-25 12:28:59.774 [SelectorWorker Server-I/O-0] DEBUG org.apache.mina.transport.nio.NioSelectorLoop - selecting...
2015-11-25 12:28:59.774 [main] DEBUG org.apache.mina.transport.nio.NioSelectorLoop - open a selector
2015-11-25 12:28:59.775 [main] DEBUG org.apache.mina.transport.nio.NioSelectorLoop - starting worker thread
2015-11-25 12:28:59.776 [SelectorWorker Server-I/O-1] DEBUG org.apache.mina.transport.nio.NioSelectorLoop - selecting...
2015-11-25 12:28:59.777 [main] DEBUG org.apache.mina.transport.nio.NioSelectorLoop - open a selector
2015-11-25 12:28:59.778 [main] DEBUG org.apache.mina.transport.nio.NioSelectorLoop - starting worker thread
2015-11-25 12:28:59.780 [SelectorWorker Server-I/O-2] DEBUG org.apache.mina.transport.nio.NioSelectorLoop - selecting...
2015-11-25 12:28:59.780 [main] DEBUG org.apache.mina.transport.nio.NioSelectorLoop - open a selector
2015-11-25 12:28:59.784 [main] DEBUG org.apache.mina.transport.nio.NioSelectorLoop - starting worker thread
2015-11-25 12:28:59.788 [SelectorWorker Server-I/O-3] DEBUG org.apache.mina.transport.nio.NioSelectorLoop - selecting...
2015-11-25 12:28:59.789 [main] DEBUG org.apache.mina.transport.nio.NioSelectorLoop - open a selector
2015-11-25 12:28:59.790 [main] DEBUG org.apache.mina.transport.nio.NioSelectorLoop - starting worker thread
2015-11-25 12:28:59.791 [SelectorWorker Server-I/O-4] DEBUG org.apache.mina.transport.nio.NioSelectorLoop - selecting...
2015-11-25 12:28:59.883 [main] INFO  org.apache.mina.transport.nio.NioTcpServer - binding address 0.0.0.0/0.0.0.0:20102
2015-11-25 12:28:59.916 [main] DEBUG org.apache.mina.transport.nio.NioSelectorLoop - registering : org.apache.mina.transport.nio.NioTcpServer@33f88ab for accept : true, connect: false, read : false, write : false, channel : sun.nio.ch.ServerSocketChannelImpl[/0:0:0:0:0:0:0:0:20102]
2015-11-25 12:28:59.927 [SelectorWorker accept-0] DEBUG org.apache.mina.transport.nio.NioSelectorLoop - ... done selecting : 0 events
2015-11-25 12:28:59.929 [SelectorWorker accept-0] DEBUG org.apache.mina.transport.nio.NioSelectorLoop - selecting...
2015-11-25 12:33:35.669 [main] DEBUG org.apache.mina.transport.nio.NioSelectorLoop - open a selector
2015-11-25 12:33:35.675 [main] DEBUG org.apache.mina.transport.nio.NioSelectorLoop - starting worker thread
2015-11-25 12:33:35.675 [SelectorWorker accept-0] DEBUG org.apache.mina.transport.nio.NioSelectorLoop - selecting...
2015-11-25 12:33:35.677 [main] DEBUG org.apache.mina.transport.nio.NioSelectorLoop - open a selector
2015-11-25 12:33:35.677 [main] DEBUG org.apache.mina.transport.nio.NioSelectorLoop - starting worker thread
2015-11-25 12:33:35.678 [main] DEBUG org.apache.mina.transport.nio.NioSelectorLoop - open a selector
2015-11-25 12:33:35.678 [SelectorWorker Server-I/O-0] DEBUG org.apache.mina.transport.nio.NioSelectorLoop - selecting...
2015-11-25 12:33:35.678 [main] DEBUG org.apache.mina.transport.nio.NioSelectorLoop - starting worker thread
2015-11-25 12:33:35.678 [main] DEBUG org.apache.mina.transport.nio.NioSelectorLoop - open a selector
2015-11-25 12:33:35.678 [SelectorWorker Server-I/O-1] DEBUG org.apache.mina.transport.nio.NioSelectorLoop - selecting...
2015-11-25 12:33:35.678 [main] DEBUG org.apache.mina.transport.nio.NioSelectorLoop - starting worker thread
2015-11-25 12:33:35.679 [main] DEBUG org.apache.mina.transport.nio.NioSelectorLoop - open a selector
2015-11-25 12:33:35.679 [SelectorWorker Server-I/O-2] DEBUG org.apache.mina.transport.nio.NioSelectorLoop - selecting...
2015-11-25 12:33:35.679 [main] DEBUG org.apache.mina.transport.nio.NioSelectorLoop - starting worker thread
2015-11-25 12:33:35.681 [main] DEBUG org.apache.mina.transport.nio.NioSelectorLoop - open a selector
2015-11-25 12:33:35.681 [main] DEBUG org.apache.mina.transport.nio.NioSelectorLoop - starting worker thread
2015-11-25 12:33:35.681 [SelectorWorker Server-I/O-3] DEBUG org.apache.mina.transport.nio.NioSelectorLoop - selecting...
2015-11-25 12:33:35.682 [SelectorWorker Server-I/O-4] DEBUG org.apache.mina.transport.nio.NioSelectorLoop - selecting...
2015-11-25 12:33:35.693 [main] INFO  org.apache.mina.transport.nio.NioTcpServer - binding address 0.0.0.0/0.0.0.0:20102
2015-11-25 12:33:35.711 [main] DEBUG org.apache.mina.transport.nio.NioSelectorLoop - registering : org.apache.mina.transport.nio.NioTcpServer@33f88ab for accept : true, connect: false, read : false, write : false, channel : sun.nio.ch.ServerSocketChannelImpl[/0:0:0:0:0:0:0:0:20102]
2015-11-25 12:33:35.714 [SelectorWorker accept-0] DEBUG org.apache.mina.transport.nio.NioSelectorLoop - ... done selecting : 0 events
2015-11-25 12:33:35.714 [SelectorWorker accept-0] DEBUG org.apache.mina.transport.nio.NioSelectorLoop - selecting...
