2015-11-11 15:56:22.632 [main] DEBUG org.apache.mina.transport.nio.NioSelectorLoop - open a selector
2015-11-11 15:56:22.655 [main] DEBUG org.apache.mina.transport.nio.NioSelectorLoop - starting worker thread
2015-11-11 15:56:22.656 [SelectorWorker accept-0] DEBUG org.apache.mina.transport.nio.NioSelectorLoop - selecting...
2015-11-11 15:56:22.660 [main] DEBUG org.apache.mina.transport.nio.NioSelectorLoop - open a selector
2015-11-11 15:56:22.661 [main] DEBUG org.apache.mina.transport.nio.NioSelectorLoop - starting worker thread
2015-11-11 15:56:22.662 [SelectorWorker Server-I/O-0] DEBUG org.apache.mina.transport.nio.NioSelectorLoop - selecting...
2015-11-11 15:56:22.662 [main] DEBUG org.apache.mina.transport.nio.NioSelectorLoop - open a selector
2015-11-11 15:56:22.664 [main] DEBUG org.apache.mina.transport.nio.NioSelectorLoop - starting worker thread
2015-11-11 15:56:22.667 [SelectorWorker Server-I/O-1] DEBUG org.apache.mina.transport.nio.NioSelectorLoop - selecting...
2015-11-11 15:56:22.667 [main] DEBUG org.apache.mina.transport.nio.NioSelectorLoop - open a selector
2015-11-11 15:56:22.667 [main] DEBUG org.apache.mina.transport.nio.NioSelectorLoop - starting worker thread
2015-11-11 15:56:22.668 [SelectorWorker Server-I/O-2] DEBUG org.apache.mina.transport.nio.NioSelectorLoop - selecting...
2015-11-11 15:56:22.669 [main] DEBUG org.apache.mina.transport.nio.NioSelectorLoop - open a selector
2015-11-11 15:56:22.671 [main] DEBUG org.apache.mina.transport.nio.NioSelectorLoop - starting worker thread
2015-11-11 15:56:22.672 [SelectorWorker Server-I/O-3] DEBUG org.apache.mina.transport.nio.NioSelectorLoop - selecting...
2015-11-11 15:56:22.672 [main] DEBUG org.apache.mina.transport.nio.NioSelectorLoop - open a selector
2015-11-11 15:56:22.672 [main] DEBUG org.apache.mina.transport.nio.NioSelectorLoop - starting worker thread
2015-11-11 15:56:22.674 [SelectorWorker Server-I/O-4] DEBUG org.apache.mina.transport.nio.NioSelectorLoop - selecting...
2015-11-11 15:56:22.696 [main] INFO  org.apache.mina.transport.nio.NioTcpServer - binding address 0.0.0.0/0.0.0.0:20001
2015-11-11 15:56:22.721 [main] DEBUG org.apache.mina.transport.nio.NioSelectorLoop - registering : org.apache.mina.transport.nio.NioTcpServer@33f88ab for accept : true, connect: false, read : false, write : false, channel : sun.nio.ch.ServerSocketChannelImpl[/0:0:0:0:0:0:0:0:20001]
2015-11-11 15:56:22.724 [SelectorWorker accept-0] DEBUG org.apache.mina.transport.nio.NioSelectorLoop - ... done selecting : 0 events
2015-11-11 15:56:22.725 [SelectorWorker accept-0] DEBUG org.apache.mina.transport.nio.NioSelectorLoop - selecting...
2015-11-11 15:56:39.035 [main] DEBUG org.apache.mina.transport.nio.NioSelectorLoop - open a selector
2015-11-11 15:56:39.042 [main] DEBUG org.apache.mina.transport.nio.NioSelectorLoop - starting worker thread
2015-11-11 15:56:39.042 [SelectorWorker accept-0] DEBUG org.apache.mina.transport.nio.NioSelectorLoop - selecting...
2015-11-11 15:56:39.043 [main] DEBUG org.apache.mina.transport.nio.NioSelectorLoop - open a selector
2015-11-11 15:56:39.044 [main] DEBUG org.apache.mina.transport.nio.NioSelectorLoop - starting worker thread
2015-11-11 15:56:39.044 [main] DEBUG org.apache.mina.transport.nio.NioSelectorLoop - open a selector
2015-11-11 15:56:39.044 [SelectorWorker Server-I/O-0] DEBUG org.apache.mina.transport.nio.NioSelectorLoop - selecting...
2015-11-11 15:56:39.044 [main] DEBUG org.apache.mina.transport.nio.NioSelectorLoop - starting worker thread
2015-11-11 15:56:39.045 [SelectorWorker Server-I/O-1] DEBUG org.apache.mina.transport.nio.NioSelectorLoop - selecting...
2015-11-11 15:56:39.045 [main] DEBUG org.apache.mina.transport.nio.NioSelectorLoop - open a selector
2015-11-11 15:56:39.045 [main] DEBUG org.apache.mina.transport.nio.NioSelectorLoop - starting worker thread
2015-11-11 15:56:39.046 [SelectorWorker Server-I/O-2] DEBUG org.apache.mina.transport.nio.NioSelectorLoop - selecting...
2015-11-11 15:56:39.045 [main] DEBUG org.apache.mina.transport.nio.NioSelectorLoop - open a selector
2015-11-11 15:56:39.046 [main] DEBUG org.apache.mina.transport.nio.NioSelectorLoop - starting worker thread
2015-11-11 15:56:39.046 [SelectorWorker Server-I/O-3] DEBUG org.apache.mina.transport.nio.NioSelectorLoop - selecting...
2015-11-11 15:56:39.046 [main] DEBUG org.apache.mina.transport.nio.NioSelectorLoop - open a selector
2015-11-11 15:56:39.047 [main] DEBUG org.apache.mina.transport.nio.NioSelectorLoop - starting worker thread
2015-11-11 15:56:39.047 [SelectorWorker Server-I/O-4] DEBUG org.apache.mina.transport.nio.NioSelectorLoop - selecting...
2015-11-11 15:56:39.059 [main] INFO  org.apache.mina.transport.nio.NioTcpServer - binding address 0.0.0.0/0.0.0.0:20001
2015-11-11 15:56:39.079 [main] DEBUG org.apache.mina.transport.nio.NioSelectorLoop - registering : org.apache.mina.transport.nio.NioTcpServer@33f88ab for accept : true, connect: false, read : false, write : false, channel : sun.nio.ch.ServerSocketChannelImpl[/0:0:0:0:0:0:0:0:20001]
2015-11-11 15:56:39.083 [SelectorWorker accept-0] DEBUG org.apache.mina.transport.nio.NioSelectorLoop - ... done selecting : 0 events
2015-11-11 15:56:39.085 [SelectorWorker accept-0] DEBUG org.apache.mina.transport.nio.NioSelectorLoop - selecting...
