2015-11-13 13:39:25.412 [main] DEBUG org.apache.mina.transport.nio.NioSelectorLoop - open a selector
2015-11-13 13:39:25.431 [main] DEBUG org.apache.mina.transport.nio.NioSelectorLoop - starting worker thread
2015-11-13 13:39:25.432 [SelectorWorker accept-0] DEBUG org.apache.mina.transport.nio.NioSelectorLoop - selecting...
2015-11-13 13:39:25.432 [main] DEBUG org.apache.mina.transport.nio.NioSelectorLoop - open a selector
2015-11-13 13:39:25.433 [main] DEBUG org.apache.mina.transport.nio.NioSelectorLoop - starting worker thread
2015-11-13 13:39:25.433 [main] DEBUG org.apache.mina.transport.nio.NioSelectorLoop - open a selector
2015-11-13 13:39:25.433 [main] DEBUG org.apache.mina.transport.nio.NioSelectorLoop - starting worker thread
2015-11-13 13:39:25.433 [SelectorWorker Server-I/O-0] DEBUG org.apache.mina.transport.nio.NioSelectorLoop - selecting...
2015-11-13 13:39:25.433 [main] DEBUG org.apache.mina.transport.nio.NioSelectorLoop - open a selector
2015-11-13 13:39:25.433 [SelectorWorker Server-I/O-1] DEBUG org.apache.mina.transport.nio.NioSelectorLoop - selecting...
2015-11-13 13:39:25.434 [main] DEBUG org.apache.mina.transport.nio.NioSelectorLoop - starting worker thread
2015-11-13 13:39:25.434 [main] DEBUG org.apache.mina.transport.nio.NioSelectorLoop - open a selector
2015-11-13 13:39:25.434 [SelectorWorker Server-I/O-2] DEBUG org.apache.mina.transport.nio.NioSelectorLoop - selecting...
2015-11-13 13:39:25.434 [main] DEBUG org.apache.mina.transport.nio.NioSelectorLoop - starting worker thread
2015-11-13 13:39:25.434 [main] DEBUG org.apache.mina.transport.nio.NioSelectorLoop - open a selector
2015-11-13 13:39:25.434 [SelectorWorker Server-I/O-3] DEBUG org.apache.mina.transport.nio.NioSelectorLoop - selecting...
2015-11-13 13:39:25.434 [main] DEBUG org.apache.mina.transport.nio.NioSelectorLoop - starting worker thread
2015-11-13 13:39:25.435 [SelectorWorker Server-I/O-4] DEBUG org.apache.mina.transport.nio.NioSelectorLoop - selecting...
2015-11-13 13:39:25.448 [main] INFO  org.apache.mina.transport.nio.NioTcpServer - binding address 0.0.0.0/0.0.0.0:20001
2015-11-13 13:39:25.473 [main] DEBUG org.apache.mina.transport.nio.NioSelectorLoop - registering : org.apache.mina.transport.nio.NioTcpServer@5faeada1 for accept : true, connect: false, read : false, write : false, channel : sun.nio.ch.ServerSocketChannelImpl[/0:0:0:0:0:0:0:0:20001]
2015-11-13 13:39:25.475 [SelectorWorker accept-0] DEBUG org.apache.mina.transport.nio.NioSelectorLoop - ... done selecting : 0 events
2015-11-13 13:39:25.476 [SelectorWorker accept-0] DEBUG org.apache.mina.transport.nio.NioSelectorLoop - selecting...
2015-11-13 15:42:48.436 [main] DEBUG org.apache.mina.transport.nio.NioSelectorLoop - open a selector
2015-11-13 15:42:48.445 [main] DEBUG org.apache.mina.transport.nio.NioSelectorLoop - starting worker thread
2015-11-13 15:42:48.445 [SelectorWorker accept-0] DEBUG org.apache.mina.transport.nio.NioSelectorLoop - selecting...
2015-11-13 15:42:48.446 [main] DEBUG org.apache.mina.transport.nio.NioSelectorLoop - open a selector
2015-11-13 15:42:48.447 [main] DEBUG org.apache.mina.transport.nio.NioSelectorLoop - starting worker thread
2015-11-13 15:42:48.447 [main] DEBUG org.apache.mina.transport.nio.NioSelectorLoop - open a selector
2015-11-13 15:42:48.447 [SelectorWorker Server-I/O-0] DEBUG org.apache.mina.transport.nio.NioSelectorLoop - selecting...
2015-11-13 15:42:48.448 [main] DEBUG org.apache.mina.transport.nio.NioSelectorLoop - starting worker thread
2015-11-13 15:42:48.448 [main] DEBUG org.apache.mina.transport.nio.NioSelectorLoop - open a selector
2015-11-13 15:42:48.448 [SelectorWorker Server-I/O-1] DEBUG org.apache.mina.transport.nio.NioSelectorLoop - selecting...
2015-11-13 15:42:48.448 [main] DEBUG org.apache.mina.transport.nio.NioSelectorLoop - starting worker thread
2015-11-13 15:42:48.449 [main] DEBUG org.apache.mina.transport.nio.NioSelectorLoop - open a selector
2015-11-13 15:42:48.449 [SelectorWorker Server-I/O-2] DEBUG org.apache.mina.transport.nio.NioSelectorLoop - selecting...
2015-11-13 15:42:48.449 [main] DEBUG org.apache.mina.transport.nio.NioSelectorLoop - starting worker thread
2015-11-13 15:42:48.450 [main] DEBUG org.apache.mina.transport.nio.NioSelectorLoop - open a selector
2015-11-13 15:42:48.451 [main] DEBUG org.apache.mina.transport.nio.NioSelectorLoop - starting worker thread
2015-11-13 15:42:48.451 [SelectorWorker Server-I/O-3] DEBUG org.apache.mina.transport.nio.NioSelectorLoop - selecting...
2015-11-13 15:42:48.453 [SelectorWorker Server-I/O-4] DEBUG org.apache.mina.transport.nio.NioSelectorLoop - selecting...
2015-11-13 15:42:48.473 [main] INFO  org.apache.mina.transport.nio.NioTcpServer - binding address 0.0.0.0/0.0.0.0:20001
2015-11-13 15:42:48.495 [main] DEBUG org.apache.mina.transport.nio.NioSelectorLoop - registering : org.apache.mina.transport.nio.NioTcpServer@2f54a33d for accept : true, connect: false, read : false, write : false, channel : sun.nio.ch.ServerSocketChannelImpl[/0:0:0:0:0:0:0:0:20001]
2015-11-13 15:42:48.498 [SelectorWorker accept-0] DEBUG org.apache.mina.transport.nio.NioSelectorLoop - ... done selecting : 0 events
2015-11-13 15:42:48.500 [SelectorWorker accept-0] DEBUG org.apache.mina.transport.nio.NioSelectorLoop - selecting...
2015-11-13 15:43:25.985 [main] DEBUG org.apache.mina.transport.nio.NioSelectorLoop - open a selector
2015-11-13 15:43:25.991 [main] DEBUG org.apache.mina.transport.nio.NioSelectorLoop - starting worker thread
2015-11-13 15:43:25.992 [SelectorWorker accept-0] DEBUG org.apache.mina.transport.nio.NioSelectorLoop - selecting...
2015-11-13 15:43:25.992 [main] DEBUG org.apache.mina.transport.nio.NioSelectorLoop - open a selector
2015-11-13 15:43:25.993 [main] DEBUG org.apache.mina.transport.nio.NioSelectorLoop - starting worker thread
2015-11-13 15:43:25.993 [main] DEBUG org.apache.mina.transport.nio.NioSelectorLoop - open a selector
2015-11-13 15:43:25.993 [main] DEBUG org.apache.mina.transport.nio.NioSelectorLoop - starting worker thread
2015-11-13 15:43:25.993 [SelectorWorker Server-I/O-0] DEBUG org.apache.mina.transport.nio.NioSelectorLoop - selecting...
2015-11-13 15:43:25.993 [main] DEBUG org.apache.mina.transport.nio.NioSelectorLoop - open a selector
2015-11-13 15:43:25.994 [SelectorWorker Server-I/O-1] DEBUG org.apache.mina.transport.nio.NioSelectorLoop - selecting...
2015-11-13 15:43:25.994 [main] DEBUG org.apache.mina.transport.nio.NioSelectorLoop - starting worker thread
2015-11-13 15:43:25.994 [main] DEBUG org.apache.mina.transport.nio.NioSelectorLoop - open a selector
2015-11-13 15:43:25.994 [main] DEBUG org.apache.mina.transport.nio.NioSelectorLoop - starting worker thread
2015-11-13 15:43:25.995 [SelectorWorker Server-I/O-2] DEBUG org.apache.mina.transport.nio.NioSelectorLoop - selecting...
2015-11-13 15:43:25.995 [main] DEBUG org.apache.mina.transport.nio.NioSelectorLoop - open a selector
2015-11-13 15:43:25.995 [main] DEBUG org.apache.mina.transport.nio.NioSelectorLoop - starting worker thread
2015-11-13 15:43:25.996 [SelectorWorker Server-I/O-3] DEBUG org.apache.mina.transport.nio.NioSelectorLoop - selecting...
2015-11-13 15:43:25.998 [SelectorWorker Server-I/O-4] DEBUG org.apache.mina.transport.nio.NioSelectorLoop - selecting...
2015-11-13 15:43:26.018 [main] INFO  org.apache.mina.transport.nio.NioTcpServer - binding address 0.0.0.0/0.0.0.0:20001
2015-11-13 15:43:26.037 [main] DEBUG org.apache.mina.transport.nio.NioSelectorLoop - registering : org.apache.mina.transport.nio.NioTcpServer@33f88ab for accept : true, connect: false, read : false, write : false, channel : sun.nio.ch.ServerSocketChannelImpl[/0:0:0:0:0:0:0:0:20001]
2015-11-13 15:43:26.040 [SelectorWorker accept-0] DEBUG org.apache.mina.transport.nio.NioSelectorLoop - ... done selecting : 0 events
2015-11-13 15:43:26.041 [SelectorWorker accept-0] DEBUG org.apache.mina.transport.nio.NioSelectorLoop - selecting...
2015-11-13 17:52:45.251 [main] DEBUG org.apache.mina.transport.nio.NioSelectorLoop - open a selector
2015-11-13 17:52:45.263 [main] DEBUG org.apache.mina.transport.nio.NioSelectorLoop - starting worker thread
2015-11-13 17:52:45.264 [main] DEBUG org.apache.mina.transport.nio.NioSelectorLoop - open a selector
2015-11-13 17:52:45.264 [main] DEBUG org.apache.mina.transport.nio.NioSelectorLoop - starting worker thread
2015-11-13 17:52:45.265 [SelectorWorker accept-0] DEBUG org.apache.mina.transport.nio.NioSelectorLoop - selecting...
2015-11-13 17:52:45.265 [main] DEBUG org.apache.mina.transport.nio.NioSelectorLoop - open a selector
2015-11-13 17:52:45.265 [main] DEBUG org.apache.mina.transport.nio.NioSelectorLoop - starting worker thread
2015-11-13 17:52:45.265 [SelectorWorker Server-I/O-0] DEBUG org.apache.mina.transport.nio.NioSelectorLoop - selecting...
2015-11-13 17:52:45.265 [main] DEBUG org.apache.mina.transport.nio.NioSelectorLoop - open a selector
2015-11-13 17:52:45.266 [main] DEBUG org.apache.mina.transport.nio.NioSelectorLoop - starting worker thread
2015-11-13 17:52:45.266 [SelectorWorker Server-I/O-1] DEBUG org.apache.mina.transport.nio.NioSelectorLoop - selecting...
2015-11-13 17:52:45.266 [main] DEBUG org.apache.mina.transport.nio.NioSelectorLoop - open a selector
2015-11-13 17:52:45.266 [main] DEBUG org.apache.mina.transport.nio.NioSelectorLoop - starting worker thread
2015-11-13 17:52:45.266 [SelectorWorker Server-I/O-2] DEBUG org.apache.mina.transport.nio.NioSelectorLoop - selecting...
2015-11-13 17:52:45.269 [main] DEBUG org.apache.mina.transport.nio.NioSelectorLoop - open a selector
2015-11-13 17:52:45.269 [main] DEBUG org.apache.mina.transport.nio.NioSelectorLoop - starting worker thread
2015-11-13 17:52:45.270 [SelectorWorker Server-I/O-3] DEBUG org.apache.mina.transport.nio.NioSelectorLoop - selecting...
2015-11-13 17:52:45.272 [SelectorWorker Server-I/O-4] DEBUG org.apache.mina.transport.nio.NioSelectorLoop - selecting...
2015-11-13 17:52:45.292 [main] INFO  org.apache.mina.transport.nio.NioTcpServer - binding address 0.0.0.0/0.0.0.0:20102
2015-11-13 17:52:45.321 [main] DEBUG org.apache.mina.transport.nio.NioSelectorLoop - registering : org.apache.mina.transport.nio.NioTcpServer@33f88ab for accept : true, connect: false, read : false, write : false, channel : sun.nio.ch.ServerSocketChannelImpl[/0:0:0:0:0:0:0:0:20102]
2015-11-13 17:52:45.324 [SelectorWorker accept-0] DEBUG org.apache.mina.transport.nio.NioSelectorLoop - ... done selecting : 0 events
2015-11-13 17:52:45.325 [SelectorWorker accept-0] DEBUG org.apache.mina.transport.nio.NioSelectorLoop - selecting...
2015-11-13 17:53:06.487 [main] DEBUG org.apache.mina.transport.nio.NioSelectorLoop - open a selector
2015-11-13 17:53:06.495 [main] DEBUG org.apache.mina.transport.nio.NioSelectorLoop - starting worker thread
2015-11-13 17:53:06.496 [SelectorWorker accept-0] DEBUG org.apache.mina.transport.nio.NioSelectorLoop - selecting...
2015-11-13 17:53:06.497 [main] DEBUG org.apache.mina.transport.nio.NioSelectorLoop - open a selector
2015-11-13 17:53:06.497 [main] DEBUG org.apache.mina.transport.nio.NioSelectorLoop - starting worker thread
2015-11-13 17:53:06.498 [SelectorWorker Server-I/O-0] DEBUG org.apache.mina.transport.nio.NioSelectorLoop - selecting...
2015-11-13 17:53:06.498 [main] DEBUG org.apache.mina.transport.nio.NioSelectorLoop - open a selector
2015-11-13 17:53:06.499 [main] DEBUG org.apache.mina.transport.nio.NioSelectorLoop - starting worker thread
2015-11-13 17:53:06.500 [SelectorWorker Server-I/O-1] DEBUG org.apache.mina.transport.nio.NioSelectorLoop - selecting...
2015-11-13 17:53:06.500 [main] DEBUG org.apache.mina.transport.nio.NioSelectorLoop - open a selector
2015-11-13 17:53:06.500 [main] DEBUG org.apache.mina.transport.nio.NioSelectorLoop - starting worker thread
2015-11-13 17:53:06.501 [SelectorWorker Server-I/O-2] DEBUG org.apache.mina.transport.nio.NioSelectorLoop - selecting...
2015-11-13 17:53:06.501 [main] DEBUG org.apache.mina.transport.nio.NioSelectorLoop - open a selector
2015-11-13 17:53:06.503 [main] DEBUG org.apache.mina.transport.nio.NioSelectorLoop - starting worker thread
2015-11-13 17:53:06.504 [SelectorWorker Server-I/O-3] DEBUG org.apache.mina.transport.nio.NioSelectorLoop - selecting...
2015-11-13 17:53:06.505 [main] DEBUG org.apache.mina.transport.nio.NioSelectorLoop - open a selector
2015-11-13 17:53:06.506 [main] DEBUG org.apache.mina.transport.nio.NioSelectorLoop - starting worker thread
2015-11-13 17:53:06.506 [SelectorWorker Server-I/O-4] DEBUG org.apache.mina.transport.nio.NioSelectorLoop - selecting...
2015-11-13 17:53:06.520 [main] INFO  org.apache.mina.transport.nio.NioTcpServer - binding address 0.0.0.0/0.0.0.0:20102
2015-11-13 17:53:06.540 [main] DEBUG org.apache.mina.transport.nio.NioSelectorLoop - registering : org.apache.mina.transport.nio.NioTcpServer@33f88ab for accept : true, connect: false, read : false, write : false, channel : sun.nio.ch.ServerSocketChannelImpl[/0:0:0:0:0:0:0:0:20102]
2015-11-13 17:53:06.543 [SelectorWorker accept-0] DEBUG org.apache.mina.transport.nio.NioSelectorLoop - ... done selecting : 0 events
2015-11-13 17:53:06.545 [SelectorWorker accept-0] DEBUG org.apache.mina.transport.nio.NioSelectorLoop - selecting...
