16:57:56.629 [main] ERROR com.labatlas.atlas.tests.TEST - error
wfef
f
16:57:56.634 [main] DEBUG com.labatlas.atlas.tests.TEST - debug
16:57:56.635 [main] INFO  com.labatlas.atlas.tests.TEST - info
16:57:56.636 [main] TRACE com.labatlas.atlas.tests.TEST - trace
16:57:56.636 [main] WARN  com.labatlas.atlas.tests.TEST - warn
2015-10-07 16:58:18.733 [main] ERROR com.labatlas.atlas.tests.TEST - error
wfef
f
2015-10-07 16:58:18.737 [main] DEBUG com.labatlas.atlas.tests.TEST - debug
2015-10-07 16:58:18.738 [main] INFO  com.labatlas.atlas.tests.TEST - info
2015-10-07 16:58:18.739 [main] TRACE com.labatlas.atlas.tests.TEST - trace
2015-10-07 16:58:18.740 [main] WARN  com.labatlas.atlas.tests.TEST - warn
2015-10-07 16:59:51.329 [main] ERROR com.labatlas.atlas.tests.TEST - error
wfef
f
2015-10-07 16:59:51.331 [main] DEBUG com.labatlas.atlas.tests.TEST - debug
2015-10-07 16:59:51.331 [main] INFO  com.labatlas.atlas.tests.TEST - info
2015-10-07 16:59:51.331 [main] TRACE com.labatlas.atlas.tests.TEST - trace
2015-10-07 16:59:51.331 [main] WARN  com.labatlas.atlas.tests.TEST - warn
2015-10-07 16:59:51.332 [main] ERROR com.labatlas.atlas.tests.TEST - exception
java.lang.RuntimeException
	at com.labatlas.atlas.tests.TEST.main(TEST.java:31) [classes/:?]
